<?xml version="1.0" encoding="UTF-8"?>
<robot generator="Robot 6.1.1 (Python 3.9.6 on darwin)" generated="20231115 00:05:29.852" rpa="false" schemaversion="4">
<suite id="s1" name="Text1" source="/Users/michaelvt/Documents/GitHub/TestingProyect/robot/tests/encargado/text1.robot">
<test id="s1-t1" name="This is my first test case" line="9">
<kw name="Open Browser" library="SeleniumLibrary">
<arg>http://localhost:5173/Asignacion</arg>
<arg>Firefox</arg>
<doc>Opens a new browser instance to the optional ``url``.</doc>
<msg timestamp="20231115 00:05:29.941" level="INFO">Opening browser 'Firefox' to base url 'http://localhost:5173/Asignacion'.</msg>
<status status="PASS" starttime="20231115 00:05:29.941" endtime="20231115 00:05:31.968"/>
</kw>
<kw name="Maximize Browser Window" library="SeleniumLibrary">
<doc>Maximizes current browser window.</doc>
<status status="PASS" starttime="20231115 00:05:31.969" endtime="20231115 00:05:32.429"/>
</kw>
<kw name="Select Prioridad">
<kw name="Click Button" library="SeleniumLibrary">
<arg>class:dropdown</arg>
<doc>Clicks the button identified by ``locator``.</doc>
<msg timestamp="20231115 00:05:32.431" level="INFO">Clicking button 'class:dropdown'.</msg>
<msg timestamp="20231115 00:05:32.524" level="INFO" html="true">&lt;/td&gt;&lt;/tr&gt;&lt;tr&gt;&lt;td colspan="3"&gt;&lt;a href="selenium-screenshot-9.png"&gt;&lt;img src="selenium-screenshot-9.png" width="800px"&gt;&lt;/a&gt;</msg>
<msg timestamp="20231115 00:05:32.524" level="FAIL">Button with locator 'class:dropdown' not found.</msg>
<status status="FAIL" starttime="20231115 00:05:32.430" endtime="20231115 00:05:32.529"/>
</kw>
<kw name="Sleep" library="BuiltIn">
<arg>0.5</arg>
<doc>Pauses the test executed for the given time.</doc>
<status status="NOT RUN" starttime="20231115 00:05:32.529" endtime="20231115 00:05:32.529"/>
</kw>
<kw name="Click Link" library="SeleniumLibrary">
<arg>value:alta</arg>
<doc>Clicks a link identified by ``locator``.</doc>
<status status="NOT RUN" starttime="20231115 00:05:32.529" endtime="20231115 00:05:32.529"/>
</kw>
<kw name="Sleep" library="BuiltIn">
<arg>0.5</arg>
<doc>Pauses the test executed for the given time.</doc>
<status status="NOT RUN" starttime="20231115 00:05:32.529" endtime="20231115 00:05:32.529"/>
</kw>
<kw name="Reload Page" library="SeleniumLibrary">
<doc>Simulates user reloading page.</doc>
<status status="NOT RUN" starttime="20231115 00:05:32.529" endtime="20231115 00:05:32.529"/>
</kw>
<kw name="Sleep" library="BuiltIn">
<arg>0.5</arg>
<doc>Pauses the test executed for the given time.</doc>
<status status="NOT RUN" starttime="20231115 00:05:32.530" endtime="20231115 00:05:32.530"/>
</kw>
<status status="FAIL" starttime="20231115 00:05:32.430" endtime="20231115 00:05:32.530"/>
</kw>
<kw name="Close Browser" library="SeleniumLibrary" type="TEARDOWN">
<doc>Closes the current browser.</doc>
<status status="PASS" starttime="20231115 00:05:32.530" endtime="20231115 00:05:34.151"/>
</kw>
<doc>Test for "encargado"</doc>
<tag>Functional</tag>
<status status="FAIL" starttime="20231115 00:05:29.940" endtime="20231115 00:05:34.151">Button with locator 'class:dropdown' not found.</status>
</test>
<status status="FAIL" starttime="20231115 00:05:29.852" endtime="20231115 00:05:34.151"/>
</suite>
<statistics>
<total>
<stat pass="0" fail="1" skip="0">All Tests</stat>
</total>
<tag>
<stat pass="0" fail="1" skip="0">Functional</stat>
</tag>
<suite>
<stat pass="0" fail="1" skip="0" id="s1" name="Text1">Text1</stat>
</suite>
</statistics>
<errors>
</errors>
</robot>
